<?xml version="1.0" encoding="UTF-8"?>
<testng-results ignored="0" total="1" passed="1" failed="0" skipped="0">
  <reporter-output>
  </reporter-output>
  <suite started-at="2023-04-28T02:42:02 CET" name="Default suite" finished-at="2023-04-28T02:42:02 CET" duration-ms="79">
    <groups>
    </groups>
    <test started-at="2023-04-28T02:42:02 CET" name="Default test" finished-at="2023-04-28T02:42:02 CET" duration-ms="79">
      <class name="ui.LoginTest">
        <test-method signature="loginTest()[pri:1, instance:ui.LoginTest@60bd273d]" started-at="2023-04-28T02:42:02 CET" name="loginTest" description="this is a login test" finished-at="2023-04-28T02:42:02 CET" duration-ms="17" status="PASS">
          <reporter-output>
          </reporter-output>
        </test-method> <!-- loginTest -->
      </class> <!-- ui.LoginTest -->
    </test> <!-- Default test -->
  </suite> <!-- Default suite -->
</testng-results>
